c:\users\admin\desktop\program\滴水逆向\pe view\pe view\debug\vc141.pdb
c:\users\admin\desktop\program\滴水逆向\pe view\pe view\debug\vc141.idb
c:\users\admin\desktop\program\滴水逆向\pe view\pe view\debug\stdafx.obj
c:\users\admin\desktop\program\滴水逆向\pe view\pe view\debug\peviewmain.obj
c:\users\admin\desktop\program\滴水逆向\pe view\pe view\debug\dialogsection.obj
c:\users\admin\desktop\program\滴水逆向\pe view\pe view\debug\dialogpeview.obj
c:\users\admin\desktop\program\滴水逆向\pe view\pe view\debug\dialogmain.obj
c:\users\admin\desktop\program\滴水逆向\pe view\pe view\debug\dialogcatalogue.obj
c:\users\admin\desktop\program\滴水逆向\pe view\debug\pe view.ilk
c:\users\admin\desktop\program\滴水逆向\pe view\debug\pe view.exe
c:\users\admin\desktop\program\滴水逆向\pe view\debug\pe view.pdb
c:\users\admin\desktop\program\滴水逆向\pe view\pe view\debug\pe view.res
c:\users\admin\desktop\program\滴水逆向\pe view\pe view\debug\pe view.tlog\cl.command.1.tlog
c:\users\admin\desktop\program\滴水逆向\pe view\pe view\debug\pe view.tlog\cl.read.1.tlog
c:\users\admin\desktop\program\滴水逆向\pe view\pe view\debug\pe view.tlog\cl.write.1.tlog
c:\users\admin\desktop\program\滴水逆向\pe view\pe view\debug\pe view.tlog\link.command.1.tlog
c:\users\admin\desktop\program\滴水逆向\pe view\pe view\debug\pe view.tlog\link.read.1.tlog
c:\users\admin\desktop\program\滴水逆向\pe view\pe view\debug\pe view.tlog\link.write.1.tlog
c:\users\admin\desktop\program\滴水逆向\pe view\pe view\debug\pe view.tlog\rc.command.1.tlog
c:\users\admin\desktop\program\滴水逆向\pe view\pe view\debug\pe view.tlog\rc.read.1.tlog
c:\users\admin\desktop\program\滴水逆向\pe view\pe view\debug\pe view.tlog\rc.write.1.tlog
